mode: set
github.com/digitalautonomy/wahay/client/binary.go:58.41,59.17 1 1
github.com/digitalautonomy/wahay/client/binary.go:59.17,61.3 1 1
github.com/digitalautonomy/wahay/client/binary.go:63.2,63.21 1 1
github.com/digitalautonomy/wahay/client/binary.go:63.21,65.33 2 1
github.com/digitalautonomy/wahay/client/binary.go:65.33,68.4 2 1
github.com/digitalautonomy/wahay/client/binary.go:71.2,71.14 1 1
github.com/digitalautonomy/wahay/client/binary.go:76.44,77.39 1 1
github.com/digitalautonomy/wahay/client/binary.go:77.39,79.3 1 1
github.com/digitalautonomy/wahay/client/binary.go:81.2,81.25 1 1
github.com/digitalautonomy/wahay/client/binary.go:81.25,83.3 1 1
github.com/digitalautonomy/wahay/client/binary.go:85.2,87.29 2 1
github.com/digitalautonomy/wahay/client/binary.go:87.29,89.3 1 1
github.com/digitalautonomy/wahay/client/binary.go:91.2,92.16 2 1
github.com/digitalautonomy/wahay/client/binary.go:92.16,94.3 1 0
github.com/digitalautonomy/wahay/client/binary.go:96.2,99.12 3 1
github.com/digitalautonomy/wahay/client/binary.go:102.28,104.2 1 0
github.com/digitalautonomy/wahay/client/binary.go:106.27,107.19 1 1
github.com/digitalautonomy/wahay/client/binary.go:107.19,109.17 2 1
github.com/digitalautonomy/wahay/client/binary.go:109.17,111.4 1 0
github.com/digitalautonomy/wahay/client/binary.go:115.34,117.2 1 1
github.com/digitalautonomy/wahay/client/binary.go:119.60,123.46 3 1
github.com/digitalautonomy/wahay/client/binary.go:123.46,125.3 1 1
github.com/digitalautonomy/wahay/client/binary.go:126.2,130.53 3 1
github.com/digitalautonomy/wahay/client/binary.go:130.53,132.3 1 1
github.com/digitalautonomy/wahay/client/binary.go:133.2,135.48 2 1
github.com/digitalautonomy/wahay/client/binary.go:135.48,137.3 1 0
github.com/digitalautonomy/wahay/client/binary.go:139.2,141.48 2 1
github.com/digitalautonomy/wahay/client/binary.go:141.48,143.3 1 0
github.com/digitalautonomy/wahay/client/binary.go:145.2,145.46 1 1
github.com/digitalautonomy/wahay/client/binary.go:148.37,159.25 3 1
github.com/digitalautonomy/wahay/client/binary.go:159.25,162.3 2 1
github.com/digitalautonomy/wahay/client/binary.go:164.2,164.10 1 1
github.com/digitalautonomy/wahay/client/binary.go:167.41,168.24 1 1
github.com/digitalautonomy/wahay/client/binary.go:168.24,176.3 1 1
github.com/digitalautonomy/wahay/client/binary.go:177.2,177.13 1 1
github.com/digitalautonomy/wahay/client/binary.go:180.59,189.30 2 1
github.com/digitalautonomy/wahay/client/binary.go:189.30,192.17 2 1
github.com/digitalautonomy/wahay/client/binary.go:192.17,194.9 2 0
github.com/digitalautonomy/wahay/client/binary.go:197.3,197.15 1 1
github.com/digitalautonomy/wahay/client/binary.go:197.15,199.12 2 1
github.com/digitalautonomy/wahay/client/binary.go:202.3,202.25 1 1
github.com/digitalautonomy/wahay/client/binary.go:202.25,204.12 2 1
github.com/digitalautonomy/wahay/client/binary.go:207.3,207.17 1 0
github.com/digitalautonomy/wahay/client/binary.go:207.17,208.12 1 0
github.com/digitalautonomy/wahay/client/binary.go:211.3,211.11 1 0
github.com/digitalautonomy/wahay/client/binary.go:214.2,214.12 1 1
github.com/digitalautonomy/wahay/client/binary.go:217.81,218.33 1 1
github.com/digitalautonomy/wahay/client/binary.go:218.33,221.31 2 1
github.com/digitalautonomy/wahay/client/binary.go:221.31,224.4 1 1
github.com/digitalautonomy/wahay/client/binary.go:226.3,227.37 2 1
github.com/digitalautonomy/wahay/client/binary.go:227.37,229.4 1 1
github.com/digitalautonomy/wahay/client/binary.go:231.3,231.16 1 1
github.com/digitalautonomy/wahay/client/binary.go:239.48,241.16 2 1
github.com/digitalautonomy/wahay/client/binary.go:241.16,243.3 1 1
github.com/digitalautonomy/wahay/client/binary.go:245.2,247.15 2 1
github.com/digitalautonomy/wahay/client/binary.go:252.57,254.16 2 1
github.com/digitalautonomy/wahay/client/binary.go:254.16,256.3 1 1
github.com/digitalautonomy/wahay/client/binary.go:258.2,260.15 2 1
github.com/digitalautonomy/wahay/client/binary.go:265.47,272.25 3 1
github.com/digitalautonomy/wahay/client/binary.go:272.25,274.28 2 1
github.com/digitalautonomy/wahay/client/binary.go:274.28,276.4 1 1
github.com/digitalautonomy/wahay/client/binary.go:279.2,279.17 1 1
github.com/digitalautonomy/wahay/client/binary.go:284.46,286.16 2 1
github.com/digitalautonomy/wahay/client/binary.go:286.16,288.3 1 1
github.com/digitalautonomy/wahay/client/binary.go:290.2,292.15 2 1
github.com/digitalautonomy/wahay/client/binary.go:299.52,305.16 3 1
github.com/digitalautonomy/wahay/client/binary.go:305.16,307.3 1 1
github.com/digitalautonomy/wahay/client/binary.go:309.2,315.30 4 1
github.com/digitalautonomy/wahay/client/binary.go:315.30,318.3 2 1
github.com/digitalautonomy/wahay/client/binary.go:320.2,324.36 4 1
github.com/digitalautonomy/wahay/client/binary.go:324.36,328.3 3 1
github.com/digitalautonomy/wahay/client/binary.go:330.2,330.10 1 1
github.com/digitalautonomy/wahay/client/binary.go:333.77,336.25 2 1
github.com/digitalautonomy/wahay/client/binary.go:336.25,339.3 2 1
github.com/digitalautonomy/wahay/client/binary.go:341.2,341.8 1 1
github.com/digitalautonomy/wahay/client/certificate.go:31.59,33.16 2 0
github.com/digitalautonomy/wahay/client/certificate.go:33.16,35.3 1 0
github.com/digitalautonomy/wahay/client/certificate.go:37.2,43.16 3 0
github.com/digitalautonomy/wahay/client/certificate.go:43.16,45.3 1 0
github.com/digitalautonomy/wahay/client/certificate.go:47.2,50.16 4 0
github.com/digitalautonomy/wahay/client/certificate.go:50.16,52.3 1 0
github.com/digitalautonomy/wahay/client/certificate.go:54.2,54.38 1 0
github.com/digitalautonomy/wahay/client/certificate.go:57.79,59.16 2 0
github.com/digitalautonomy/wahay/client/certificate.go:59.16,61.3 1 0
github.com/digitalautonomy/wahay/client/certificate.go:63.2,64.16 2 0
github.com/digitalautonomy/wahay/client/certificate.go:64.16,66.3 1 0
github.com/digitalautonomy/wahay/client/certificate.go:68.2,68.24 1 0
github.com/digitalautonomy/wahay/client/certificate.go:71.81,72.38 1 0
github.com/digitalautonomy/wahay/client/certificate.go:72.38,74.3 1 0
github.com/digitalautonomy/wahay/client/certificate.go:76.2,77.49 2 0
github.com/digitalautonomy/wahay/client/certificate.go:77.49,79.3 1 0
github.com/digitalautonomy/wahay/client/certificate.go:81.2,82.16 2 0
github.com/digitalautonomy/wahay/client/certificate.go:82.16,84.3 1 0
github.com/digitalautonomy/wahay/client/certificate.go:86.2,92.55 2 0
github.com/digitalautonomy/wahay/client/certificate.go:101.81,103.16 2 0
github.com/digitalautonomy/wahay/client/certificate.go:103.16,105.3 1 0
github.com/digitalautonomy/wahay/client/certificate.go:107.2,120.19 5 0
github.com/digitalautonomy/wahay/client/certificate.go:123.61,125.16 2 0
github.com/digitalautonomy/wahay/client/certificate.go:125.16,127.3 1 0
github.com/digitalautonomy/wahay/client/certificate.go:129.2,129.27 1 0
github.com/digitalautonomy/wahay/client/certificate.go:132.56,136.16 3 0
github.com/digitalautonomy/wahay/client/certificate.go:136.16,138.3 1 0
github.com/digitalautonomy/wahay/client/certificate.go:140.2,142.35 2 0
github.com/digitalautonomy/wahay/client/certificate.go:146.58,161.16 4 0
github.com/digitalautonomy/wahay/client/certificate.go:161.16,163.3 1 0
github.com/digitalautonomy/wahay/client/certificate.go:165.2,166.16 2 0
github.com/digitalautonomy/wahay/client/certificate.go:166.16,168.3 1 0
github.com/digitalautonomy/wahay/client/certificate.go:169.2,181.16 5 0
github.com/digitalautonomy/wahay/client/certificate.go:181.16,183.3 1 0
github.com/digitalautonomy/wahay/client/certificate.go:184.2,186.16 3 0
github.com/digitalautonomy/wahay/client/certificate.go:186.16,188.3 1 0
github.com/digitalautonomy/wahay/client/certificate.go:190.2,191.16 2 0
github.com/digitalautonomy/wahay/client/certificate.go:191.16,193.3 1 0
github.com/digitalautonomy/wahay/client/certificate.go:194.2,196.16 3 0
github.com/digitalautonomy/wahay/client/certificate.go:196.16,198.3 1 0
github.com/digitalautonomy/wahay/client/certificate.go:200.2,200.12 1 0
github.com/digitalautonomy/wahay/client/certificate.go:207.59,209.16 2 0
github.com/digitalautonomy/wahay/client/certificate.go:209.16,211.3 1 0
github.com/digitalautonomy/wahay/client/certificate.go:212.2,215.16 3 0
github.com/digitalautonomy/wahay/client/certificate.go:215.16,217.3 1 0
github.com/digitalautonomy/wahay/client/certificate.go:219.2,225.16 4 0
github.com/digitalautonomy/wahay/client/certificate.go:225.16,227.3 1 0
github.com/digitalautonomy/wahay/client/certificate.go:229.2,230.16 2 0
github.com/digitalautonomy/wahay/client/certificate.go:230.16,232.3 1 0
github.com/digitalautonomy/wahay/client/certificate.go:234.2,234.36 1 0
github.com/digitalautonomy/wahay/client/certificate.go:238.34,239.11 1 0
github.com/digitalautonomy/wahay/client/certificate.go:240.56,241.14 1 0
github.com/digitalautonomy/wahay/client/certificate.go:242.36,243.14 1 0
github.com/digitalautonomy/wahay/client/certificate.go:244.36,245.14 1 0
github.com/digitalautonomy/wahay/client/certificate.go:246.10,247.15 1 0
github.com/digitalautonomy/wahay/client/certificate.go:254.36,256.2 1 0
github.com/digitalautonomy/wahay/client/certificate.go:258.40,259.26 1 0
github.com/digitalautonomy/wahay/client/certificate.go:259.26,261.3 1 0
github.com/digitalautonomy/wahay/client/certificate.go:262.2,262.26 1 0
github.com/digitalautonomy/wahay/client/certificate.go:262.26,264.3 1 0
github.com/digitalautonomy/wahay/client/certificate.go:265.2,265.25 1 0
github.com/digitalautonomy/wahay/client/certificate.go:265.25,267.3 1 0
github.com/digitalautonomy/wahay/client/certificate.go:268.2,268.11 1 0
github.com/digitalautonomy/wahay/client/certificate.go:270.82,271.14 1 0
github.com/digitalautonomy/wahay/client/certificate.go:272.10,273.15 1 0
github.com/digitalautonomy/wahay/client/certificate.go:277.38,278.11 1 0
github.com/digitalautonomy/wahay/client/certificate.go:279.62,280.14 1 0
github.com/digitalautonomy/wahay/client/certificate.go:281.10,282.15 1 0
github.com/digitalautonomy/wahay/client/certificate.go:286.52,287.11 1 0
github.com/digitalautonomy/wahay/client/certificate.go:288.12,289.22 1 0
github.com/digitalautonomy/wahay/client/certificate.go:290.12,291.22 1 0
github.com/digitalautonomy/wahay/client/certificate.go:292.12,293.22 1 0
github.com/digitalautonomy/wahay/client/certificate.go:294.12,295.22 1 0
github.com/digitalautonomy/wahay/client/certificate.go:296.12,297.22 1 0
github.com/digitalautonomy/wahay/client/certificate.go:298.12,299.22 1 0
github.com/digitalautonomy/wahay/client/certificate.go:300.12,301.22 1 0
github.com/digitalautonomy/wahay/client/certificate.go:302.9,303.21 1 0
github.com/digitalautonomy/wahay/client/certificate.go:304.11,305.23 1 0
github.com/digitalautonomy/wahay/client/certificate.go:306.12,307.23 1 0
github.com/digitalautonomy/wahay/client/certificate.go:308.10,309.19 1 0
github.com/digitalautonomy/wahay/client/certificate.go:313.52,315.19 2 0
github.com/digitalautonomy/wahay/client/certificate.go:315.19,317.3 1 0
github.com/digitalautonomy/wahay/client/certificate.go:318.2,318.40 1 0
github.com/digitalautonomy/wahay/client/certificate.go:321.74,322.44 1 0
github.com/digitalautonomy/wahay/client/certificate.go:322.44,324.3 1 0
github.com/digitalautonomy/wahay/client/certificate.go:325.2,325.29 1 0
github.com/digitalautonomy/wahay/client/certificate.go:325.29,327.3 1 0
github.com/digitalautonomy/wahay/client/certificate.go:328.2,328.27 1 0
github.com/digitalautonomy/wahay/client/certificate.go:328.27,330.3 1 0
github.com/digitalautonomy/wahay/client/certificate.go:331.2,331.34 1 0
github.com/digitalautonomy/wahay/client/certificate.go:334.41,340.23 5 0
github.com/digitalautonomy/wahay/client/certificate.go:340.23,343.3 2 0
github.com/digitalautonomy/wahay/client/certificate.go:345.2,347.33 2 0
github.com/digitalautonomy/wahay/client/client.go:45.87,56.2 2 0
github.com/digitalautonomy/wahay/client/client.go:63.76,68.14 3 0
github.com/digitalautonomy/wahay/client/client.go:68.14,70.3 1 0
github.com/digitalautonomy/wahay/client/client.go:72.2,72.22 1 0
github.com/digitalautonomy/wahay/client/client.go:72.22,74.17 2 0
github.com/digitalautonomy/wahay/client/client.go:74.17,76.4 1 0
github.com/digitalautonomy/wahay/client/client.go:78.3,79.17 2 0
github.com/digitalautonomy/wahay/client/client.go:79.17,81.4 1 0
github.com/digitalautonomy/wahay/client/client.go:84.2,85.16 2 0
github.com/digitalautonomy/wahay/client/client.go:85.16,87.3 1 0
github.com/digitalautonomy/wahay/client/client.go:89.2,90.16 2 0
github.com/digitalautonomy/wahay/client/client.go:90.16,92.3 1 0
github.com/digitalautonomy/wahay/client/client.go:94.2,97.10 3 0
github.com/digitalautonomy/wahay/client/client.go:100.42,107.2 2 0
github.com/digitalautonomy/wahay/client/client.go:109.74,113.16 2 0
github.com/digitalautonomy/wahay/client/client.go:113.16,115.3 1 0
github.com/digitalautonomy/wahay/client/client.go:117.2,117.42 1 0
github.com/digitalautonomy/wahay/client/client.go:120.78,122.16 2 0
github.com/digitalautonomy/wahay/client/client.go:122.16,125.3 2 0
github.com/digitalautonomy/wahay/client/client.go:127.2,127.19 1 0
github.com/digitalautonomy/wahay/client/client.go:127.19,129.17 2 0
github.com/digitalautonomy/wahay/client/client.go:129.17,131.4 1 0
github.com/digitalautonomy/wahay/client/client.go:133.3,133.21 1 0
github.com/digitalautonomy/wahay/client/client.go:133.21,135.4 1 0
github.com/digitalautonomy/wahay/client/client.go:138.2,138.15 1 0
github.com/digitalautonomy/wahay/client/client.go:143.35,146.21 2 1
github.com/digitalautonomy/wahay/client/client.go:146.21,149.3 2 1
github.com/digitalautonomy/wahay/client/client.go:151.2,151.23 1 1
github.com/digitalautonomy/wahay/client/client.go:151.23,154.3 2 1
github.com/digitalautonomy/wahay/client/client.go:156.2,159.12 3 1
github.com/digitalautonomy/wahay/client/client.go:162.33,164.2 1 1
github.com/digitalautonomy/wahay/client/client.go:166.40,167.34 1 1
github.com/digitalautonomy/wahay/client/client.go:167.34,169.3 1 1
github.com/digitalautonomy/wahay/client/client.go:170.2,170.11 1 1
github.com/digitalautonomy/wahay/client/client.go:173.39,180.34 2 1
github.com/digitalautonomy/wahay/client/client.go:180.34,182.3 1 1
github.com/digitalautonomy/wahay/client/client.go:183.2,183.12 1 1
github.com/digitalautonomy/wahay/client/client.go:186.36,188.2 1 1
github.com/digitalautonomy/wahay/client/client.go:190.45,191.16 1 1
github.com/digitalautonomy/wahay/client/client.go:191.16,193.3 1 1
github.com/digitalautonomy/wahay/client/client.go:195.2,196.21 2 1
github.com/digitalautonomy/wahay/client/client.go:199.57,200.18 1 1
github.com/digitalautonomy/wahay/client/client.go:200.18,202.3 1 1
github.com/digitalautonomy/wahay/client/client.go:204.2,204.29 1 1
github.com/digitalautonomy/wahay/client/client.go:204.29,206.3 1 0
github.com/digitalautonomy/wahay/client/client.go:208.2,209.19 2 1
github.com/digitalautonomy/wahay/client/client.go:209.19,211.3 1 0
github.com/digitalautonomy/wahay/client/client.go:213.2,213.45 1 1
github.com/digitalautonomy/wahay/client/client.go:213.45,215.3 1 0
github.com/digitalautonomy/wahay/client/client.go:217.2,217.25 1 1
github.com/digitalautonomy/wahay/client/client.go:220.28,222.2 1 0
github.com/digitalautonomy/wahay/client/client.go:226.35,228.16 2 1
github.com/digitalautonomy/wahay/client/client.go:228.16,230.3 1 1
github.com/digitalautonomy/wahay/client/client.go:232.2,232.17 1 1
github.com/digitalautonomy/wahay/client/config.go:28.40,29.27 1 1
github.com/digitalautonomy/wahay/client/config.go:29.27,31.30 2 1
github.com/digitalautonomy/wahay/client/config.go:31.30,33.4 1 1
github.com/digitalautonomy/wahay/client/config.go:34.3,34.25 1 1
github.com/digitalautonomy/wahay/client/config.go:36.2,36.20 1 1
github.com/digitalautonomy/wahay/client/config.go:39.50,43.16 3 0
github.com/digitalautonomy/wahay/client/config.go:43.16,45.3 1 0
github.com/digitalautonomy/wahay/client/config.go:47.2,48.16 2 0
github.com/digitalautonomy/wahay/client/config.go:48.16,50.3 1 0
github.com/digitalautonomy/wahay/client/config.go:52.2,52.32 1 0
github.com/digitalautonomy/wahay/client/config.go:55.46,62.16 5 1
github.com/digitalautonomy/wahay/client/config.go:62.16,64.3 1 0
github.com/digitalautonomy/wahay/client/config.go:66.2,67.16 2 1
github.com/digitalautonomy/wahay/client/config.go:67.16,69.3 1 0
github.com/digitalautonomy/wahay/client/config.go:71.2,72.16 2 1
github.com/digitalautonomy/wahay/client/config.go:72.16,74.3 1 0
github.com/digitalautonomy/wahay/client/config.go:76.2,76.12 1 1
github.com/digitalautonomy/wahay/client/config.go:79.49,83.16 3 1
github.com/digitalautonomy/wahay/client/config.go:83.16,86.3 2 1
github.com/digitalautonomy/wahay/client/config.go:88.2,88.36 1 1
github.com/digitalautonomy/wahay/client/config.go:88.36,90.17 2 1
github.com/digitalautonomy/wahay/client/config.go:90.17,93.4 2 0
github.com/digitalautonomy/wahay/client/config.go:96.2,98.12 2 1
github.com/digitalautonomy/wahay/client/config.go:101.52,103.16 2 1
github.com/digitalautonomy/wahay/client/config.go:103.16,106.3 2 1
github.com/digitalautonomy/wahay/client/config.go:108.2,110.16 3 1
github.com/digitalautonomy/wahay/client/config.go:110.16,112.3 1 0
github.com/digitalautonomy/wahay/client/config.go:114.2,114.12 1 1
github.com/digitalautonomy/wahay/client/config.go:117.50,121.16 3 1
github.com/digitalautonomy/wahay/client/config.go:121.16,123.3 1 1
github.com/digitalautonomy/wahay/client/config.go:125.2,126.16 2 1
github.com/digitalautonomy/wahay/client/config.go:126.16,128.3 1 0
github.com/digitalautonomy/wahay/client/config.go:130.2,130.12 1 1
github.com/digitalautonomy/wahay/client/config.go:138.55,139.30 1 1
github.com/digitalautonomy/wahay/client/config.go:139.30,141.17 2 1
github.com/digitalautonomy/wahay/client/config.go:141.17,143.4 1 0
github.com/digitalautonomy/wahay/client/config.go:146.2,147.24 2 1
github.com/digitalautonomy/wahay/client/config.go:147.24,149.3 1 1
github.com/digitalautonomy/wahay/client/config.go:149.8,151.3 1 1
github.com/digitalautonomy/wahay/client/config.go:153.2,153.53 1 1
github.com/digitalautonomy/wahay/client/config.go:153.53,155.17 2 1
github.com/digitalautonomy/wahay/client/config.go:155.17,157.4 1 1
github.com/digitalautonomy/wahay/client/config.go:160.2,161.16 2 1
github.com/digitalautonomy/wahay/client/config.go:161.16,163.3 1 0
github.com/digitalautonomy/wahay/client/config.go:165.2,167.12 2 1
github.com/digitalautonomy/wahay/client/config.go:170.52,171.31 1 0
github.com/digitalautonomy/wahay/client/config.go:171.31,173.3 1 0
github.com/digitalautonomy/wahay/client/config.go:175.2,176.16 2 0
github.com/digitalautonomy/wahay/client/config.go:176.16,178.3 1 0
github.com/digitalautonomy/wahay/client/config.go:180.2,181.16 2 0
github.com/digitalautonomy/wahay/client/config.go:181.16,184.3 2 0
github.com/digitalautonomy/wahay/client/config.go:186.2,201.16 4 0
github.com/digitalautonomy/wahay/client/config.go:201.16,203.3 1 0
github.com/digitalautonomy/wahay/client/config.go:205.2,205.12 1 0
github.com/digitalautonomy/wahay/client/db.go:13.40,16.26 2 0
github.com/digitalautonomy/wahay/client/db.go:16.26,23.17 4 0
github.com/digitalautonomy/wahay/client/db.go:23.17,25.4 1 0
github.com/digitalautonomy/wahay/client/db.go:28.2,29.16 2 0
github.com/digitalautonomy/wahay/client/db.go:29.16,31.3 1 0
github.com/digitalautonomy/wahay/client/db.go:33.2,33.15 1 0
github.com/digitalautonomy/wahay/client/db.go:41.40,43.2 1 0
github.com/digitalautonomy/wahay/client/db.go:45.54,48.2 2 0
github.com/digitalautonomy/wahay/client/db.go:50.55,55.2 1 0
github.com/digitalautonomy/wahay/client/db.go:57.32,59.16 2 0
github.com/digitalautonomy/wahay/client/db.go:59.16,61.3 1 0
github.com/digitalautonomy/wahay/client/db.go:62.2,62.12 1 0
github.com/digitalautonomy/wahay/client/db.go:65.43,74.2 6 0
github.com/digitalautonomy/wahay/client/db.go:76.55,82.16 3 0
github.com/digitalautonomy/wahay/client/db.go:82.16,84.3 1 0
github.com/digitalautonomy/wahay/client/db.go:86.2,91.15 2 0
github.com/digitalautonomy/wahay/client/db.go:94.57,96.16 2 0
github.com/digitalautonomy/wahay/client/db.go:96.16,98.3 1 0
github.com/digitalautonomy/wahay/client/db.go:99.2,101.29 2 0
github.com/digitalautonomy/wahay/client/reader.go:11.30,13.2 1 1
github.com/digitalautonomy/wahay/client/reader.go:18.37,20.2 1 1
github.com/digitalautonomy/wahay/client/reader.go:24.35,25.22 1 1
github.com/digitalautonomy/wahay/client/reader.go:25.22,27.3 1 1
github.com/digitalautonomy/wahay/client/reader.go:29.2,29.31 1 1
github.com/digitalautonomy/wahay/client/reader.go:34.40,35.26 1 1
github.com/digitalautonomy/wahay/client/reader.go:35.26,37.3 1 1
github.com/digitalautonomy/wahay/client/reader.go:39.2,40.16 2 1
github.com/digitalautonomy/wahay/client/reader.go:40.16,42.3 1 1
github.com/digitalautonomy/wahay/client/reader.go:43.2,45.12 2 1
github.com/digitalautonomy/wahay/client/reader.go:48.34,50.24 2 1
github.com/digitalautonomy/wahay/client/reader.go:50.24,52.3 1 1
github.com/digitalautonomy/wahay/client/reader.go:53.2,53.19 1 1
github.com/digitalautonomy/wahay/client/reader.go:56.37,57.61 1 1
github.com/digitalautonomy/wahay/client/reader.go:57.61,59.3 1 1
github.com/digitalautonomy/wahay/client/reader.go:61.2,61.13 1 1
github.com/digitalautonomy/wahay/client/reader.go:64.36,65.45 1 1
github.com/digitalautonomy/wahay/client/reader.go:65.45,67.3 1 1
github.com/digitalautonomy/wahay/client/reader.go:68.2,68.14 1 1
